以下是一段实现登录流程的伪代码：

```python
# 登录流程伪代码

# 导入必要的库
import hashlib

# 用户登录函数
def login(username, password):
    # 检查用户名和密码是否为空
    if not username or not password:
        return "用户名和密码不能为空"

    # 从数据库中获取用户信息
    user_info = get_user_from_database(username)

    # 如果用户不存在，返回错误信息
    if not user_info:
        return "用户不存在"

    # 校验密码
    if not check_password(password, user_info['password_hash']):
        return "密码错误"

    # 如果密码正确，返回成功信息
    return "登录成功"

# 校验密码函数
def check_password(input_password, stored_password_hash):
    # 将输入的密码进行哈希处理
    hashed_input_password = hashlib.sha256(input_password.encode()).hexdigest()
    
    # 比较哈希值
    return hashed_input_password == stored_password_hash

# 从数据库获取用户信息函数
def get_user_from_database(username):
    # 这里应该是数据库查询操作，返回用户信息
    # 为了简化，这里返回一个示例字典
    return {
        'username': 'example_user',
        'password_hash': 'example_password_hash'
    }

# 测试登录流程
print(login('example_user', 'example_password'))
```

这段伪代码实现了一个基本的登录流程，包括用户名和密码的校验。请注意，这只是一个示例，实际应用中需要连接真实的数据库，并处理更多的安全和异常情况。